{
  "stats": {
    "suites": 1,
    "tests": 2,
    "passes": 1,
    "pending": 1,
    "failures": 0,
    "start": "2023-03-22T11:06:35.283Z",
    "end": "2023-03-22T11:06:35.571Z",
    "duration": 288,
    "testsRegistered": 2,
    "passPercent": 100,
    "pendingPercent": 50,
    "other": 0,
    "hasOther": false,
    "skipped": 0,
    "hasSkipped": false
  },
  "results": [
    {
      "uuid": "d79a9261-acf0-435e-85ea-3e956388a59c",
      "title": "",
      "fullFile": "cypress\\integration\\API\\GET.ts",
      "file": "cypress\\integration\\API\\GET.ts",
      "beforeHooks": [],
      "afterHooks": [],
      "tests": [],
      "suites": [
        {
          "uuid": "49c7e034-5c57-494f-a56d-1d0e3a4637db",
          "title": "API tests",
          "fullFile": "",
          "file": "",
          "beforeHooks": [],
          "afterHooks": [],
          "tests": [
            {
              "title": "Simple REST API GET",
              "fullTitle": "API tests Simple REST API GET",
              "timedOut": null,
              "duration": 256,
              "state": "passed",
              "speed": "fast",
              "pass": true,
              "fail": false,
              "pending": false,
              "context": null,
              "code": "cy.request('GET', \"https://reqres.in/api/users?page=2\").then((resp) => {\n    expect(resp.status).equal(200);\n    expect(resp.body.page).equal(2);\n    expect(resp.body.support.url).equal(\"https://reqres.in/#support-heading\");\n    expect(resp.body.data[0].id).gt(0);\n});",
              "err": {},
              "uuid": "c1ade70a-3421-450e-90bc-13edddd2136c",
              "parentUUID": "49c7e034-5c57-494f-a56d-1d0e3a4637db",
              "isHook": false,
              "skipped": false
            },
            {
              "title": "Uncomment the base URL https://reqres.in/api in cypress.config.ts file and make test work",
              "fullTitle": "API tests Uncomment the base URL https://reqres.in/api in cypress.config.ts file and make test work",
              "timedOut": null,
              "duration": 0,
              "state": "pending",
              "speed": null,
              "pass": false,
              "fail": false,
              "pending": true,
              "context": null,
              "code": "cy.request(\"/users?page=2\").as(\"pageRequest\");\ncy.get('@pageRequest').its('body').should('have.a.property', 'page');\ncy.get('@pageRequest').its('body.data[0]').should('have.a.property', 'id');\ncy.get('@pageRequest').its('body').its('data[0].id').then((id) => {\n    expect(id).to.be.equal(7);\n});",
              "err": {},
              "uuid": "dfe49f5f-4d93-483d-bab6-832965fd57d8",
              "parentUUID": "49c7e034-5c57-494f-a56d-1d0e3a4637db",
              "isHook": false,
              "skipped": false
            }
          ],
          "suites": [],
          "passes": [
            "c1ade70a-3421-450e-90bc-13edddd2136c"
          ],
          "failures": [],
          "pending": [
            "dfe49f5f-4d93-483d-bab6-832965fd57d8"
          ],
          "skipped": [],
          "duration": 256,
          "root": false,
          "rootEmpty": false,
          "_timeout": 2000
        }
      ],
      "passes": [],
      "failures": [],
      "pending": [],
      "skipped": [],
      "duration": 0,
      "root": true,
      "rootEmpty": true,
      "_timeout": 2000
    }
  ],
  "meta": {
    "mocha": {
      "version": "7.0.1"
    },
    "mochawesome": {
      "options": {
        "quiet": false,
        "reportFilename": "mochawesome",
        "saveHtml": false,
        "saveJson": true,
        "consoleReporter": "spec",
        "useInlineDiffs": false,
        "code": true
      },
      "version": "7.1.3"
    },
    "marge": {
      "options": {
        "charts": true,
        "reportPageTitle": "custom-title",
        "embeddedScreenshots": true,
        "inlineAssets": true,
        "saveAllAttempts": false,
        "html": false,
        "overwrite": false,
        "json": true,
        "reportDir": "cypress\\reports\\html\\.jsons"
      },
      "version": "6.2.0"
    }
  }
}